<?xml version="1.0" encoding="UTF-8"?>
<!-- Generated by org.testng.reporters.JUnitReportReporter -->
<testsuite skipped="0" hostname="DESKTOP-1SN87AB" name="smokeTest.smpl" tests="1" failures="0" timestamp="26 Jun 2018 18:20:52 GMT" time="0.019" errors="0">
  <testcase name="pss" time="0.019" classname="smokeTest.smpl"/>
</testsuite> <!-- smokeTest.smpl -->
