<?xml version="1.0" encoding="UTF-8"?>
<!-- Generated by org.testng.reporters.JUnitReportReporter -->
<testsuite skipped="0" hostname="DESKTOP-1SN87AB" name="smokeTest.FileReadTest" tests="1" failures="0" timestamp="29 Jun 2018 14:10:30 GMT" time="0.703" errors="0">
  <testcase name="ReadExcel" time="0.703" classname="smokeTest.FileReadTest"/>
</testsuite> <!-- smokeTest.FileReadTest -->
