<?xml version="1.0" encoding="UTF-8"?>
<!-- Generated by org.testng.reporters.JUnitReportReporter -->
<testsuite skipped="0" hostname="DESKTOP-1SN87AB" name="com.automation.MavenTesting.NewTest" tests="1" failures="0" timestamp="05 Jun 2018 03:12:15 GMT" time="0.016" errors="0">
  <testcase name="f" time="0.016" classname="com.automation.MavenTesting.NewTest"/>
</testsuite> <!-- com.automation.MavenTesting.NewTest -->
