<?xml version="1.0" encoding="UTF-8"?>
<!-- Generated by org.testng.reporters.JUnitReportReporter -->
<testsuite skipped="0" hostname="DESKTOP-1SN87AB" name="smokeTest.FileWriteTest" tests="1" failures="0" timestamp="29 Jun 2018 17:40:56 GMT" time="1.115" errors="0">
  <testcase name="ReadExcel" time="1.115" classname="smokeTest.FileWriteTest"/>
</testsuite> <!-- smokeTest.FileWriteTest -->
