<?xml version="1.0" encoding="UTF-8"?>
<!-- Generated by org.testng.reporters.JUnitReportReporter -->
<testsuite skipped="0" hostname="DESKTOP-1SN87AB" name="smokeTest.SampleTest" tests="1" failures="0" timestamp="29 Jun 2018 16:39:46 GMT" time="0.033" errors="0">
  <testcase name="f" time="0.033" classname="smokeTest.SampleTest"/>
</testsuite> <!-- smokeTest.SampleTest -->
